[2020-11-08 15:56:32][INFO][[CameraService][Conf] ResolucionRF: [0, 0]]
[2020-11-08 15:56:32][INFO][[CameraService][Conf] resolucionMax: ['1920', '1080']]
[2020-11-08 15:56:32][INFO][[CameraService][Conf] basePathImage: /data/hab_sonda/images/]
[2020-11-08 15:56:32][INFO][[CameraService][Conf] tiempoTomaImagen: 10]
[2020-11-08 15:56:32][INFO][[CameraService][Main] Inicio de toma de imagen de camara interna...]
[2020-11-08 15:56:32][INFO][[cameraService][Main] Imagen tomada OK]
[2020-11-08 15:56:42][INFO][[CameraService][Main] Inicio de toma de imagen de camara interna...]
[2020-11-08 15:56:42][INFO][[cameraService][Main] Imagen tomada OK]
[2020-11-08 15:56:52][INFO][[CameraService][Main] Inicio de toma de imagen de camara interna...]
[2020-11-08 15:56:52][INFO][[cameraService][Main] Imagen tomada OK]
[2020-11-08 15:57:02][INFO][[CameraService][Main] Inicio de toma de imagen de camara interna...]
[2020-11-08 15:57:02][INFO][[cameraService][Main] Imagen tomada OK]
[2020-11-08 15:57:12][INFO][[CameraService][Main] Inicio de toma de imagen de camara interna...]
[2020-11-08 15:57:12][INFO][[cameraService][Main] Imagen tomada OK]
[2020-11-08 15:57:22][INFO][[CameraService][Main] Inicio de toma de imagen de camara interna...]
[2020-11-08 15:57:22][INFO][[cameraService][Main] Imagen tomada OK]
[2020-11-08 15:57:32][INFO][[CameraService][Main] Inicio de toma de imagen de camara interna...]
[2020-11-08 15:57:33][INFO][[cameraService][Main] Imagen tomada OK]
[2020-11-08 15:57:43][INFO][[CameraService][Main] Inicio de toma de imagen de camara interna...]
[2020-11-08 15:57:43][INFO][[cameraService][Main] Imagen tomada OK]
[2020-11-08 15:57:53][INFO][[CameraService][Main] Inicio de toma de imagen de camara interna...]
[2020-11-08 15:57:53][INFO][[cameraService][Main] Imagen tomada OK]
[2020-11-08 15:58:03][INFO][[CameraService][Main] Inicio de toma de imagen de camara interna...]
[2020-11-08 15:58:03][INFO][[cameraService][Main] Imagen tomada OK]
[2020-11-08 15:58:13][INFO][[CameraService][Main] Inicio de toma de imagen de camara interna...]
[2020-11-08 15:58:13][INFO][[cameraService][Main] Imagen tomada OK]
[2020-11-08 15:58:23][INFO][[CameraService][Main] Inicio de toma de imagen de camara interna...]
[2020-11-08 15:58:23][INFO][[cameraService][Main] Imagen tomada OK]
[2020-11-08 15:58:33][INFO][[CameraService][Main] Inicio de toma de imagen de camara interna...]
[2020-11-08 15:58:33][INFO][[cameraService][Main] Imagen tomada OK]
[2020-11-08 15:58:43][INFO][[CameraService][Main] Inicio de toma de imagen de camara interna...]
[2020-11-08 15:58:43][INFO][[cameraService][Main] Imagen tomada OK]
[2020-11-08 15:58:53][INFO][[CameraService][Main] Inicio de toma de imagen de camara interna...]
[2020-11-08 15:58:53][INFO][[cameraService][Main] Imagen tomada OK]
[2020-11-08 15:59:03][INFO][[CameraService][Main] Inicio de toma de imagen de camara interna...]
[2020-11-08 15:59:03][INFO][[cameraService][Main] Imagen tomada OK]
[2020-11-08 15:59:13][INFO][[CameraService][Main] Inicio de toma de imagen de camara interna...]
[2020-11-08 15:59:13][INFO][[cameraService][Main] Imagen tomada OK]
[2020-11-08 15:59:23][INFO][[CameraService][Main] Inicio de toma de imagen de camara interna...]
[2020-11-08 15:59:23][INFO][[cameraService][Main] Imagen tomada OK]
[2020-11-08 15:59:33][INFO][[CameraService][Main] Inicio de toma de imagen de camara interna...]
[2020-11-08 15:59:33][INFO][[cameraService][Main] Imagen tomada OK]
[2020-11-08 15:59:43][INFO][[CameraService][Main] Inicio de toma de imagen de camara interna...]
[2020-11-08 15:59:43][INFO][[cameraService][Main] Imagen tomada OK]
[2020-11-08 15:59:53][INFO][[CameraService][Main] Inicio de toma de imagen de camara interna...]
[2020-11-08 15:59:53][INFO][[cameraService][Main] Imagen tomada OK]
[2020-11-08 16:00:03][INFO][[CameraService][Main] Inicio de toma de imagen de camara interna...]
[2020-11-08 16:00:03][INFO][[cameraService][Main] Imagen tomada OK]
[2020-11-08 16:00:13][INFO][[CameraService][Main] Inicio de toma de imagen de camara interna...]
[2020-11-08 16:00:13][INFO][[cameraService][Main] Imagen tomada OK]
[2020-11-08 16:00:23][INFO][[CameraService][Main] Inicio de toma de imagen de camara interna...]
[2020-11-08 16:00:23][INFO][[cameraService][Main] Imagen tomada OK]
[2020-11-08 16:00:33][INFO][[CameraService][Main] Inicio de toma de imagen de camara interna...]
[2020-11-08 16:00:33][INFO][[cameraService][Main] Imagen tomada OK]
[2020-11-08 16:00:43][INFO][[CameraService][Main] Inicio de toma de imagen de camara interna...]
[2020-11-08 16:00:43][INFO][[cameraService][Main] Imagen tomada OK]
[2020-11-08 16:00:53][INFO][[CameraService][Main] Inicio de toma de imagen de camara interna...]
[2020-11-08 16:00:53][INFO][[cameraService][Main] Imagen tomada OK]
[2020-11-08 16:01:03][INFO][[CameraService][Main] Inicio de toma de imagen de camara interna...]
[2020-11-08 16:01:03][INFO][[cameraService][Main] Imagen tomada OK]
[2020-11-08 16:01:13][INFO][[CameraService][Main] Inicio de toma de imagen de camara interna...]
[2020-11-08 16:01:13][INFO][[cameraService][Main] Imagen tomada OK]
[2020-11-08 16:01:23][INFO][[CameraService][Main] Inicio de toma de imagen de camara interna...]
[2020-11-08 16:01:23][INFO][[cameraService][Main] Imagen tomada OK]
[2020-11-08 16:01:33][INFO][[CameraService][Main] Inicio de toma de imagen de camara interna...]
[2020-11-08 16:01:33][INFO][[cameraService][Main] Imagen tomada OK]
[2020-11-08 16:01:43][INFO][[CameraService][Main] Inicio de toma de imagen de camara interna...]
[2020-11-08 16:01:43][INFO][[cameraService][Main] Imagen tomada OK]
[2020-11-08 16:01:53][INFO][[CameraService][Main] Inicio de toma de imagen de camara interna...]
[2020-11-08 16:01:53][INFO][[cameraService][Main] Imagen tomada OK]
[2020-11-08 16:02:03][INFO][[CameraService][Main] Inicio de toma de imagen de camara interna...]
[2020-11-08 16:02:03][INFO][[cameraService][Main] Imagen tomada OK]
[2020-11-08 16:02:13][INFO][[CameraService][Main] Inicio de toma de imagen de camara interna...]
[2020-11-08 16:02:13][INFO][[cameraService][Main] Imagen tomada OK]
[2020-11-08 16:02:23][INFO][[CameraService][Main] Inicio de toma de imagen de camara interna...]
[2020-11-08 16:02:23][INFO][[cameraService][Main] Imagen tomada OK]
[2020-11-08 16:02:33][INFO][[CameraService][Main] Inicio de toma de imagen de camara interna...]
[2020-11-08 16:02:33][INFO][[cameraService][Main] Imagen tomada OK]
[2020-11-08 16:02:43][INFO][[CameraService][Main] Inicio de toma de imagen de camara interna...]
[2020-11-08 16:02:43][INFO][[cameraService][Main] Imagen tomada OK]
[2020-11-08 16:02:53][INFO][[CameraService][Main] Inicio de toma de imagen de camara interna...]
[2020-11-08 16:02:53][INFO][[cameraService][Main] Imagen tomada OK]
[2020-11-08 16:03:03][INFO][[CameraService][Main] Inicio de toma de imagen de camara interna...]
[2020-11-08 16:03:03][INFO][[cameraService][Main] Imagen tomada OK]
[2020-11-08 16:03:13][INFO][[CameraService][Main] Inicio de toma de imagen de camara interna...]
[2020-11-08 16:03:13][INFO][[cameraService][Main] Imagen tomada OK]
[2020-11-08 16:03:23][INFO][[CameraService][Main] Inicio de toma de imagen de camara interna...]
[2020-11-08 16:03:23][INFO][[cameraService][Main] Imagen tomada OK]
[2020-11-08 16:03:33][INFO][[CameraService][Main] Inicio de toma de imagen de camara interna...]
[2020-11-08 16:03:34][INFO][[cameraService][Main] Imagen tomada OK]
[2020-11-08 16:03:44][INFO][[CameraService][Main] Inicio de toma de imagen de camara interna...]
[2020-11-08 16:03:44][INFO][[cameraService][Main] Imagen tomada OK]
[2020-11-08 16:04:30][INFO][[CameraService][Conf] ResolucionRF: [0, 0]]
[2020-11-08 16:04:30][INFO][[CameraService][Conf] resolucionMax: ['1920', '1080']]
[2020-11-08 16:04:30][INFO][[CameraService][Conf] basePathImage: /data/hab_sonda/images/]
[2020-11-08 16:04:30][INFO][[CameraService][Conf] tiempoTomaImagen: 10]
[2020-11-08 16:04:30][INFO][[CameraService][Main] Inicio de toma de imagen de camara interna...]
[2020-11-08 16:04:30][INFO][[cameraService][Main] Imagen tomada OK]
[2020-11-08 16:04:40][INFO][[CameraService][Main] Inicio de toma de imagen de camara interna...]
[2020-11-08 16:04:40][INFO][[cameraService][Main] Imagen tomada OK]
[2020-11-08 16:09:29][INFO][[CameraService][Conf] ResolucionRF: [0, 0]]
[2020-11-08 16:09:29][INFO][[CameraService][Conf] resolucionMax: ['1920', '1080']]
[2020-11-08 16:09:29][INFO][[CameraService][Conf] basePathImage: /data/hab_sonda/images/]
[2020-11-08 16:09:29][INFO][[CameraService][Conf] tiempoTomaImagen: 10]
[2020-11-08 16:09:29][INFO][[CameraService][Main] Inicio de toma de imagen de camara interna...]
[2020-11-08 16:09:29][INFO][[cameraService][Main] Imagen tomada OK]
[2020-11-08 16:09:39][INFO][[CameraService][Main] Inicio de toma de imagen de camara interna...]
[2020-11-08 16:09:40][INFO][[cameraService][Main] Imagen tomada OK]
